# JRE version: OpenJDK Runtime Environment (8.0_202-b03) (build 1.8.0_202-release-1483-b03)
# Java VM: OpenJDK 64-Bit Server VM (25.202-b03 mixed mode windows-amd64 compressed oops)
Heap:
 PSYoungGen      total 482304K, used 466863K [0x00000000e0000000, 0x00000000ffc80000, 0x0000000100000000)
  eden space 445440K, 100% used [0x00000000e0000000,0x00000000fb300000,0x00000000fb300000)
  from space 36864K, 58% used [0x00000000fb300000,0x00000000fc7ebc30,0x00000000fd700000)
  to   space 35328K, 64% used [0x00000000fda00000,0x00000000ff01bfb8,0x00000000ffc80000)
 ParOldGen       total 701952K, used 54200K [0x00000000a0000000, 0x00000000cad80000, 0x00000000e0000000)
  object space 701952K, 7% used [0x00000000a0000000,0x00000000a34ee380,0x00000000cad80000)
 Metaspace       used 107579K, capacity 114960K, committed 115020K, reserved 1148928K
  class space    used 13437K, capacity 14706K, committed 14720K, reserved 1048576K
GC Heap History (10 events):
Event: 920.008 GC heap after
Heap after GC invocations=29 (full 4):
 PSYoungGen      total 476672K, used 20456K [0x00000000e0000000, 0x00000000ffb80000, 0x0000000100000000)
  eden space 434688K, 0% used [0x00000000e0000000,0x00000000e0000000,0x00000000fa880000)
  from space 41984K, 48% used [0x00000000fa880000,0x00000000fbc7a390,0x00000000fd180000)
  to   space 40448K, 0% used [0x00000000fd400000,0x00000000fd400000,0x00000000ffb80000)
 ParOldGen       total 701952K, used 54160K [0x00000000a0000000, 0x00000000cad80000, 0x00000000e0000000)
  object space 701952K, 7% used [0x00000000a0000000,0x00000000a34e4380,0x00000000cad80000)
 Metaspace       used 105243K, capacity 110940K, committed 111308K, reserved 1146880K
  class space    used 13145K, capacity 14220K, committed 14336K, reserved 1048576K
}
Event: 1151.982 GC heap before
{Heap before GC invocations=30 (full 4):
 PSYoungGen      total 476672K, used 455144K [0x00000000e0000000, 0x00000000ffb80000, 0x0000000100000000)
  eden space 434688K, 100% used [0x00000000e0000000,0x00000000fa880000,0x00000000fa880000)
  from space 41984K, 48% used [0x00000000fa880000,0x00000000fbc7a390,0x00000000fd180000)
  to   space 40448K, 0% used [0x00000000fd400000,0x00000000fd400000,0x00000000ffb80000)
 ParOldGen       total 701952K, used 54160K [0x00000000a0000000, 0x00000000cad80000, 0x00000000e0000000)
  object space 701952K, 7% used [0x00000000a0000000,0x00000000a34e4380,0x00000000cad80000)
 Metaspace       used 105578K, capacity 111302K, committed 111564K, reserved 1146880K
  class space    used 13155K, capacity 14237K, committed 14336K, reserved 1048576K
Event: 1151.988 GC heap after
Heap after GC invocations=30 (full 4):
 PSYoungGen      total 480768K, used 19700K [0x00000000e0000000, 0x00000000ffb80000, 0x0000000100000000)
  eden space 440320K, 0% used [0x00000000e0000000,0x00000000e0000000,0x00000000fae00000)
  from space 40448K, 48% used [0x00000000fd400000,0x00000000fe73d118,0x00000000ffb80000)
  to   space 38912K, 0% used [0x00000000fae00000,0x00000000fae00000,0x00000000fd400000)
 ParOldGen       total 701952K, used 54168K [0x00000000a0000000, 0x00000000cad80000, 0x00000000e0000000)
  object space 701952K, 7% used [0x00000000a0000000,0x00000000a34e6380,0x00000000cad80000)
 Metaspace       used 105578K, capacity 111302K, committed 111564K, reserved 1146880K
  class space    used 13155K, capacity 14237K, committed 14336K, reserved 1048576K
}
Event: 2031.644 GC heap before
{Heap before GC invocations=31 (full 4):
 PSYoungGen      total 480768K, used 460017K [0x00000000e0000000, 0x00000000ffb80000, 0x0000000100000000)
  eden space 440320K, 99% used [0x00000000e0000000,0x00000000fadff390,0x00000000fae00000)
  from space 40448K, 48% used [0x00000000fd400000,0x00000000fe73d118,0x00000000ffb80000)
  to   space 38912K, 0% used [0x00000000fae00000,0x00000000fae00000,0x00000000fd400000)
 ParOldGen       total 701952K, used 54168K [0x00000000a0000000, 0x00000000cad80000, 0x00000000e0000000)
  object space 701952K, 7% used [0x00000000a0000000,0x00000000a34e6380,0x00000000cad80000)
 Metaspace       used 106489K, capacity 113330K, committed 113612K, reserved 1148928K
  class space    used 13321K, capacity 14543K, committed 14592K, reserved 1048576K
Event: 2031.654 GC heap after
Heap after GC invocations=31 (full 4):
 PSYoungGen      total 479232K, used 19949K [0x00000000e0000000, 0x00000000ffb80000, 0x0000000100000000)
  eden space 440320K, 0% used [0x00000000e0000000,0x00000000e0000000,0x00000000fae00000)
  from space 38912K, 51% used [0x00000000fae00000,0x00000000fc17b498,0x00000000fd400000)
  to   space 37376K, 0% used [0x00000000fd700000,0x00000000fd700000,0x00000000ffb80000)
 ParOldGen       total 701952K, used 54176K [0x00000000a0000000, 0x00000000cad80000, 0x00000000e0000000)
  object space 701952K, 7% used [0x00000000a0000000,0x00000000a34e8380,0x00000000cad80000)
 Metaspace       used 106489K, capacity 113330K, committed 113612K, reserved 1148928K
  class space    used 13321K, capacity 14543K, committed 14592K, reserved 1048576K
}
Event: 2341.156 GC heap before
{Heap before GC invocations=32 (full 4):
 PSYoungGen      total 479232K, used 460269K [0x00000000e0000000, 0x00000000ffb80000, 0x0000000100000000)
  eden space 440320K, 100% used [0x00000000e0000000,0x00000000fae00000,0x00000000fae00000)
  from space 38912K, 51% used [0x00000000fae00000,0x00000000fc17b498,0x00000000fd400000)
  to   space 37376K, 0% used [0x00000000fd700000,0x00000000fd700000,0x00000000ffb80000)
 ParOldGen       total 701952K, used 54176K [0x00000000a0000000, 0x00000000cad80000, 0x00000000e0000000)
  object space 701952K, 7% used [0x00000000a0000000,0x00000000a34e8380,0x00000000cad80000)
 Metaspace       used 106929K, capacity 114276K, committed 114508K, reserved 1148928K
  class space    used 13395K, capacity 14678K, committed 14720K, reserved 1048576K
Event: 2341.164 GC heap after
Heap after GC invocations=32 (full 4):
 PSYoungGen      total 482816K, used 16282K [0x00000000e0000000, 0x00000000ffc80000, 0x0000000100000000)
  eden space 445440K, 0% used [0x00000000e0000000,0x00000000e0000000,0x00000000fb300000)
  from space 37376K, 43% used [0x00000000fd700000,0x00000000fe6e6bf0,0x00000000ffb80000)
  to   space 36864K, 0% used [0x00000000fb300000,0x00000000fb300000,0x00000000fd700000)
 ParOldGen       total 701952K, used 54184K [0x00000000a0000000, 0x00000000cad80000, 0x00000000e0000000)
  object space 701952K, 7% used [0x00000000a0000000,0x00000000a34ea380,0x00000000cad80000)
 Metaspace       used 106929K, capacity 114276K, committed 114508K, reserved 1148928K
  class space    used 13395K, capacity 14678K, committed 14720K, reserved 1048576K
}
Event: 3227.604 GC heap before
{Heap before GC invocations=33 (full 4):
 PSYoungGen      total 482816K, used 461021K [0x00000000e0000000, 0x00000000ffc80000, 0x0000000100000000)
  eden space 445440K, 99% used [0x00000000e0000000,0x00000000fb250be8,0x00000000fb300000)
  from space 37376K, 43% used [0x00000000fd700000,0x00000000fe6e6bf0,0x00000000ffb80000)
  to   space 36864K, 0% used [0x00000000fb300000,0x00000000fb300000,0x00000000fd700000)
 ParOldGen       total 701952K, used 54184K [0x00000000a0000000, 0x00000000cad80000, 0x00000000e0000000)
  object space 701952K, 7% used [0x00000000a0000000,0x00000000a34ea380,0x00000000cad80000)
 Metaspace       used 107373K, capacity 114744K, committed 114764K, reserved 1148928K
  class space    used 13432K, capacity 14702K, committed 14720K, reserved 1048576K
Event: 3227.614 GC heap after
Heap after GC invocations=33 (full 4):
 PSYoungGen      total 482304K, used 21423K [0x00000000e0000000, 0x00000000ffc80000, 0x0000000100000000)
  eden space 445440K, 0% used [0x00000000e0000000,0x00000000e0000000,0x00000000fb300000)
  from space 36864K, 58% used [0x00000000fb300000,0x00000000fc7ebc30,0x00000000fd700000)
  to   space 35328K, 0% used [0x00000000fda00000,0x00000000fda00000,0x00000000ffc80000)
 ParOldGen       total 701952K, used 54192K [0x00000000a0000000, 0x00000000cad80000, 0x00000000e0000000)
  object space 701952K, 7% used [0x00000000a0000000,0x00000000a34ec380,0x00000000cad80000)
 Metaspace       used 107373K, capacity 114744K, committed 114764K, reserved 1148928K
  class space    used 13432K, capacity 14702K, committed 14720K, reserved 1048576K
}
Event: 3394.447 GC heap before
{Heap before GC invocations=34 (full 4):
 PSYoungGen      total 482304K, used 466863K [0x00000000e0000000, 0x00000000ffc80000, 0x0000000100000000)
  eden space 445440K, 100% used [0x00000000e0000000,0x00000000fb300000,0x00000000fb300000)
  from space 36864K, 58% used [0x00000000fb300000,0x00000000fc7ebc30,0x00000000fd700000)
  to   space 35328K, 0% used [0x00000000fda00000,0x00000000fda00000,0x00000000ffc80000)
 ParOldGen       total 701952K, used 54192K [0x00000000a0000000, 0x00000000cad80000, 0x00000000e0000000)
  object space 701952K, 7% used [0x00000000a0000000,0x00000000a34ec380,0x00000000cad80000)
 Metaspace       used 107579K, capacity 114960K, committed 115020K, reserved 1148928K
  class space    used 13437K, capacity 14706K, committed 14720K, reserved 1048576K

